<?xml version="1.0" encoding="UTF-8"?>
<!-- Generated by org.testng.reporters.JUnitReportReporter -->
<testsuite hostname="DESKTOP-0RQF8FK" name="orangehrm.tests.OrangeHRMTestSuite" tests="1" failures="0" timestamp="23 Sep 2021 03:16:38 GMT" time="55.747" errors="0">
  <testcase name="orangeHRM_Test" time="55.747" classname="orangehrm.tests.OrangeHRMTestSuite"/>
</testsuite> <!-- orangehrm.tests.OrangeHRMTestSuite -->
