<?xml version="1.0" encoding="UTF-8"?>
<!-- Generated by org.testng.reporters.JUnitReportReporter -->
<testsuite hostname="DESKTOP-0RQF8FK" name="orangehrm.tests.EmployeeRegTest" tests="1" failures="0" timestamp="14 Sep 2021 03:01:55 GMT" time="13.753" errors="0">
  <testcase name="checkEmpReg" time="13.753" classname="orangehrm.tests.EmployeeRegTest"/>
</testsuite> <!-- orangehrm.tests.EmployeeRegTest -->
