<?xml version="1.0" encoding="UTF-8"?>
<!-- Generated by org.testng.reporters.JUnitReportReporter -->
<testsuite hostname="DESKTOP-0RQF8FK" name="orangehrm.tests.AdminLoginTest" tests="1" failures="0" timestamp="14 Sep 2021 03:28:32 GMT" time="6.231" errors="0">
  <testcase name="checkAdminLogin" time="6.231" classname="orangehrm.tests.AdminLoginTest"/>
</testsuite> <!-- orangehrm.tests.AdminLoginTest -->
