<?xml version="1.0" encoding="UTF-8"?>
<!-- Generated by org.testng.reporters.JUnitReportReporter -->
<testsuite hostname="DESKTOP-0RQF8FK" name="demos.AdminLoginTest" tests="2" failures="0" timestamp="30 Sep 2021 03:33:11 GMT" time="48.504" errors="0">
  <testcase name="checkAdminLogin" time="23.347" classname="demos.AdminLoginTest"/>
  <testcase name="checkAdminLogin" time="25.157" classname="demos.AdminLoginTest"/>
</testsuite> <!-- demos.AdminLoginTest -->
