<?xml version="1.0" encoding="UTF-8"?>
<!-- Generated by org.testng.reporters.JUnitReportReporter -->
<testsuite hostname="DESKTOP-0RQF8FK" name="orangehrm.tests.AdminLoginTestwithValiddata" tests="1" failures="0" timestamp="21 Sep 2021 02:59:14 GMT" time="14.540" errors="0">
  <testcase name="checkAdminLogin" time="14.540" classname="orangehrm.tests.AdminLoginTestwithValiddata"/>
</testsuite> <!-- orangehrm.tests.AdminLoginTestwithValiddata -->
