<?xml version="1.0" encoding="UTF-8"?>
<!-- Generated by org.testng.reporters.JUnitReportReporter -->
<testsuite hostname="DESKTOP-0RQF8FK" name="orangehrm.tests.AdminLoginTestwithInvaliddata" tests="1" failures="0" timestamp="21 Sep 2021 02:59:14 GMT" time="4.490" errors="0">
  <testcase name="checkAdminLogin" time="4.490" classname="orangehrm.tests.AdminLoginTestwithInvaliddata"/>
</testsuite> <!-- orangehrm.tests.AdminLoginTestwithInvaliddata -->
