<?xml version="1.0" encoding="UTF-8"?>
<!-- Generated by org.testng.reporters.JUnitReportReporter -->
<testsuite hostname="DESKTOP-0RQF8FK" name="orangehrm.tests.AdminLoginTest" tests="1" failures="0" timestamp="29 Sep 2021 03:15:27 GMT" time="5.812" errors="0">
  <testcase name="checkAdminLogin" time="5.812" classname="orangehrm.tests.AdminLoginTest"/>
</testsuite> <!-- orangehrm.tests.AdminLoginTest -->
